2025-04-26 20:21:58,954 - INFO - Loaded 1 images for Bui_Van_Hien
2025-04-26 20:21:59,622 - INFO - Loaded 1 images for Cao_Van_Linh
2025-04-26 20:22:00,295 - INFO - Loaded 1 images for Chau_Van_Viet
2025-04-26 20:22:00,946 - INFO - Loaded 1 images for Hoang_Minh_Quan
2025-04-26 20:22:01,617 - INFO - Loaded 1 images for Huynh_Van_Trong
2025-04-26 20:22:02,485 - INFO - Loaded 1 images for Luong_Thi_Dan
2025-04-26 20:22:03,251 - INFO - Loaded 1 images for Ly_Minh_Uu
2025-04-26 20:22:03,987 - INFO - Loaded 1 images for Mai_Thanh_Ti
2025-04-26 20:22:04,779 - INFO - Loaded 1 images for Ngo_Van_Danh
2025-04-26 20:22:06,347 - INFO - Loaded 1 images for NguyenQuocTien
2025-04-26 20:22:07,111 - INFO - Loaded 1 images for Nguyen_Hoang_Linh
2025-04-26 20:22:09,183 - INFO - Loaded 21 images for Nhung
2025-04-26 20:22:09,841 - INFO - Loaded 1 images for o_Quoc_at
2025-04-26 20:22:09,909 - INFO - Loaded 1 images for personA
2025-04-26 20:22:10,020 - INFO - Loaded 1 images for personB
2025-04-26 20:22:10,108 - INFO - Loaded 1 images for personC
2025-04-26 20:22:10,241 - INFO - Loaded 1 images for personD
2025-04-26 20:22:10,308 - INFO - Loaded 1 images for personE
2025-04-26 20:22:11,052 - INFO - Loaded 1 images for Phan_Thanh_Khanh
2025-04-26 20:22:11,871 - INFO - Loaded 1 images for Ton_Nu_Minh
2025-04-26 20:22:12,606 - INFO - Loaded 1 images for To_Minh_NHat
2025-04-26 20:22:13,357 - INFO - Loaded 1 images for Vu_Thi_Sinh
2025-04-26 20:22:37,974 - INFO - 127.0.0.1 - - [26/Apr/2025 20:22:37] "POST /upload_video HTTP/1.1" 200 -
2025-04-26 22:29:27,846 - INFO - Folder for Lý Minh \u01afu already exists. Skipping...
2025-04-26 22:29:27,847 - INFO - Folder for Nguy\u1ec5n Hoàng Linh already exists. Skipping...
2025-04-26 22:29:27,847 - INFO - Folder for \u0110\u1eb7ng Th\u1ecb Phan already exists. Skipping...
2025-04-26 22:29:27,847 - INFO - Folder for Mai Thanh Tí already exists. Skipping...
2025-04-26 22:29:27,847 - INFO - Folder for Phan Thanh Khánh already exists. Skipping...
2025-04-26 22:29:27,847 - INFO - Folder for Bùi V\u0103n Hi\u1ec7n already exists. Skipping...
2025-04-26 22:29:27,847 - INFO - Folder for V\u0169 Th\u1ecb Sinh already exists. Skipping...
2025-04-26 22:29:27,847 - INFO - Folder for Tôn N\u1eef Minh already exists. Skipping...
2025-04-26 22:29:27,847 - INFO - Folder for L\u01b0\u01a1ng Th\u1ecb Dân already exists. Skipping...
2025-04-26 22:29:27,847 - INFO - Folder for Hoàng Minh Quân already exists. Skipping...
2025-04-26 22:29:27,848 - INFO - Folder for \u0110\u1ed7 Qu\u1ed1c \u0110\u1ea1t already exists. Skipping...
2025-04-26 22:29:27,848 - INFO - Folder for Châu V\u0103n Vi\u1ec7t already exists. Skipping...
2025-04-26 22:29:27,848 - INFO - Folder for Ngô V\u0103n Danh already exists. Skipping...
2025-04-26 22:29:27,848 - INFO - Folder for Tô Minh NH\u1eadt already exists. Skipping...
2025-04-26 22:29:27,848 - INFO - Folder for Cao V\u0103n Linh already exists. Skipping...
2025-04-26 22:29:27,848 - INFO - Folder for Hu\u1ef3nh V\u0103n Tr\u1ecdng already exists. Skipping...
2025-04-26 22:29:27,877 - INFO - [31m[1mWARNING: This is a development server. Do not use it in a production deployment. Use a production WSGI server instead.[0m
 * Running on http://127.0.0.1:4000
2025-04-26 22:29:27,877 - INFO - [33mPress CTRL+C to quit[0m
2025-04-26 22:29:27,880 - INFO -  * Restarting with stat
