2025-04-28 16:54:45,905 - INFO - Folder for Lý Minh \u01afu already exists. Skipping...
2025-04-28 16:54:45,907 - INFO - Folder for Nguy\u1ec5n Hoàng Linh already exists. Skipping...
2025-04-28 16:54:45,907 - INFO - Folder for \u0110\u1eb7ng Th\u1ecb Phan already exists. Skipping...
2025-04-28 16:54:45,908 - INFO - Folder for Mai Thanh Tí already exists. Skipping...
2025-04-28 16:54:45,908 - INFO - Folder for Phan Thanh Khánh already exists. Skipping...
2025-04-28 16:54:45,908 - INFO - Folder for Bùi V\u0103n Hi\u1ec7n already exists. Skipping...
2025-04-28 16:54:45,909 - INFO - Folder for V\u0169 Th\u1ecb Sinh already exists. Skipping...
2025-04-28 16:54:45,909 - INFO - Folder for Tôn N\u1eef Minh already exists. Skipping...
2025-04-28 16:54:45,910 - INFO - Folder for L\u01b0\u01a1ng Th\u1ecb Dân already exists. Skipping...
2025-04-28 16:54:45,910 - INFO - Folder for Hoàng Minh Quân already exists. Skipping...
2025-04-28 16:54:45,911 - INFO - Folder for \u0110\u1ed7 Qu\u1ed1c \u0110\u1ea1t already exists. Skipping...
2025-04-28 16:54:45,911 - INFO - Folder for Châu V\u0103n Vi\u1ec7t already exists. Skipping...
2025-04-28 16:54:45,911 - INFO - Folder for Ngô V\u0103n Danh already exists. Skipping...
2025-04-28 16:54:45,912 - INFO - Folder for Tô Minh NH\u1eadt already exists. Skipping...
2025-04-28 16:54:45,912 - INFO - Folder for Cao V\u0103n Linh already exists. Skipping...
2025-04-28 16:54:45,912 - INFO - Folder for Hu\u1ef3nh V\u0103n Tr\u1ecdng already exists. Skipping...
2025-04-28 16:54:45,958 - INFO - [31m[1mWARNING: This is a development server. Do not use it in a production deployment. Use a production WSGI server instead.[0m
 * Running on http://127.0.0.1:4000
2025-04-28 16:54:45,958 - INFO - [33mPress CTRL+C to quit[0m
2025-04-28 16:54:45,963 - INFO -  * Restarting with stat
2025-04-28 16:54:55,920 - INFO - Folder for Lý Minh \u01afu already exists. Skipping...
2025-04-28 16:54:55,920 - INFO - Folder for Nguy\u1ec5n Hoàng Linh already exists. Skipping...
2025-04-28 16:54:55,920 - INFO - Folder for \u0110\u1eb7ng Th\u1ecb Phan already exists. Skipping...
2025-04-28 16:54:55,920 - INFO - Folder for Mai Thanh Tí already exists. Skipping...
2025-04-28 16:54:55,920 - INFO - Folder for Phan Thanh Khánh already exists. Skipping...
2025-04-28 16:54:55,920 - INFO - Folder for Bùi V\u0103n Hi\u1ec7n already exists. Skipping...
2025-04-28 16:54:55,920 - INFO - Folder for V\u0169 Th\u1ecb Sinh already exists. Skipping...
2025-04-28 16:54:55,920 - INFO - Folder for Tôn N\u1eef Minh already exists. Skipping...
2025-04-28 16:54:55,920 - INFO - Folder for L\u01b0\u01a1ng Th\u1ecb Dân already exists. Skipping...
2025-04-28 16:54:55,927 - INFO - Folder for Hoàng Minh Quân already exists. Skipping...
2025-04-28 16:54:55,927 - INFO - Folder for \u0110\u1ed7 Qu\u1ed1c \u0110\u1ea1t already exists. Skipping...
2025-04-28 16:54:55,927 - INFO - Folder for Châu V\u0103n Vi\u1ec7t already exists. Skipping...
2025-04-28 16:54:55,927 - INFO - Folder for Ngô V\u0103n Danh already exists. Skipping...
2025-04-28 16:54:55,927 - INFO - Folder for Tô Minh NH\u1eadt already exists. Skipping...
2025-04-28 16:54:55,927 - INFO - Folder for Cao V\u0103n Linh already exists. Skipping...
2025-04-28 16:54:55,927 - INFO - Folder for Hu\u1ef3nh V\u0103n Tr\u1ecdng already exists. Skipping...
2025-04-28 16:54:55,943 - WARNING -  * Debugger is active!
2025-04-28 16:54:55,950 - INFO -  * Debugger PIN: 513-929-075
2025-04-28 16:55:04,869 - INFO - Loaded 1 images for Bui_Van_Hien
2025-04-28 16:55:05,240 - INFO - Loaded 1 images for Cao_Van_Linh
2025-04-28 16:55:05,653 - INFO - Loaded 1 images for Chau_Van_Viet
2025-04-28 16:55:06,051 - INFO - Loaded 1 images for Hoang_Minh_Quan
2025-04-28 16:55:06,470 - INFO - Loaded 1 images for Huynh_Van_Trong
2025-04-28 16:55:06,927 - INFO - Loaded 1 images for Luong_Thi_Dan
2025-04-28 16:55:07,361 - INFO - Loaded 1 images for Ly_Minh_Uu
2025-04-28 16:55:07,808 - INFO - Loaded 1 images for Mai_Thanh_Ti
2025-04-28 16:55:08,163 - INFO - Loaded 1 images for Ngo_Van_Danh
2025-04-28 16:55:08,857 - INFO - Loaded 1 images for NguyenQuocTien
2025-04-28 16:55:09,226 - INFO - Loaded 1 images for Nguyen_Hoang_Linh
2025-04-28 16:55:10,458 - INFO - Loaded 21 images for Nhung
2025-04-28 16:55:10,815 - INFO - Loaded 1 images for o_Quoc_at
2025-04-28 16:55:10,857 - INFO - Loaded 1 images for personA
2025-04-28 16:55:10,916 - INFO - Loaded 1 images for personB
2025-04-28 16:55:10,970 - INFO - Loaded 1 images for personC
2025-04-28 16:55:11,060 - INFO - Loaded 1 images for personD
2025-04-28 16:55:11,125 - INFO - Loaded 1 images for personE
2025-04-28 16:55:11,493 - INFO - Loaded 1 images for Phan_Thanh_Khanh
2025-04-28 16:55:11,890 - INFO - Loaded 1 images for Ton_Nu_Minh
2025-04-28 16:55:12,206 - INFO - Loaded 1 images for To_Minh_NHat
2025-04-28 16:55:12,597 - INFO - Loaded 1 images for Vu_Thi_Sinh
2025-04-28 16:55:18,389 - DEBUG - Creating converter from 3 to 5
2025-04-28 16:59:44,689 - INFO - 127.0.0.1 - - [28/Apr/2025 16:59:44] "POST /upload_video HTTP/1.1" 200 -
2025-04-28 17:00:01,576 - INFO - Loaded 1 images for Bui_Van_Hien
2025-04-28 17:00:01,918 - INFO - Loaded 1 images for Cao_Van_Linh
2025-04-28 17:00:02,229 - INFO - Loaded 1 images for Chau_Van_Viet
2025-04-28 17:00:02,549 - INFO - Loaded 1 images for Hoang_Minh_Quan
2025-04-28 17:00:02,865 - INFO - Loaded 1 images for Huynh_Van_Trong
2025-04-28 17:00:03,194 - INFO - Loaded 1 images for Luong_Thi_Dan
2025-04-28 17:00:03,499 - INFO - Loaded 1 images for Ly_Minh_Uu
2025-04-28 17:00:03,812 - INFO - Loaded 1 images for Mai_Thanh_Ti
2025-04-28 17:00:04,116 - INFO - Loaded 1 images for Ngo_Van_Danh
2025-04-28 17:00:04,742 - INFO - Loaded 1 images for NguyenQuocTien
2025-04-28 17:00:05,098 - INFO - Loaded 1 images for Nguyen_Hoang_Linh
2025-04-28 17:00:06,194 - INFO - Loaded 21 images for Nhung
2025-04-28 17:00:06,514 - INFO - Loaded 1 images for o_Quoc_at
2025-04-28 17:00:06,554 - INFO - Loaded 1 images for personA
2025-04-28 17:00:06,603 - INFO - Loaded 1 images for personB
2025-04-28 17:00:06,651 - INFO - Loaded 1 images for personC
2025-04-28 17:00:06,714 - INFO - Loaded 1 images for personD
2025-04-28 17:00:06,754 - INFO - Loaded 1 images for personE
2025-04-28 17:00:07,063 - INFO - Loaded 1 images for Phan_Thanh_Khanh
2025-04-28 17:00:07,397 - INFO - Loaded 1 images for Ton_Nu_Minh
2025-04-28 17:00:07,704 - INFO - Loaded 1 images for To_Minh_NHat
2025-04-28 17:00:08,038 - INFO - Loaded 1 images for Vu_Thi_Sinh
2025-04-28 17:03:55,496 - INFO - 127.0.0.1 - - [28/Apr/2025 17:03:55] "POST /upload_video HTTP/1.1" 200 -
2025-04-28 17:04:12,134 - INFO - Loaded 1 images for Bui_Van_Hien
2025-04-28 17:04:12,524 - INFO - Loaded 1 images for Cao_Van_Linh
2025-04-28 17:04:12,849 - INFO - Loaded 1 images for Chau_Van_Viet
2025-04-28 17:04:13,174 - INFO - Loaded 1 images for Hoang_Minh_Quan
2025-04-28 17:04:13,505 - INFO - Loaded 1 images for Huynh_Van_Trong
2025-04-28 17:04:13,891 - INFO - Loaded 1 images for Luong_Thi_Dan
2025-04-28 17:04:14,215 - INFO - Loaded 1 images for Ly_Minh_Uu
2025-04-28 17:04:14,542 - INFO - Loaded 1 images for Mai_Thanh_Ti
2025-04-28 17:04:14,883 - INFO - Loaded 1 images for Ngo_Van_Danh
2025-04-28 17:04:15,504 - INFO - Loaded 1 images for NguyenQuocTien
2025-04-28 17:04:15,853 - INFO - Loaded 1 images for Nguyen_Hoang_Linh
2025-04-28 17:04:16,947 - INFO - Loaded 21 images for Nhung
2025-04-28 17:04:17,267 - INFO - Loaded 1 images for o_Quoc_at
2025-04-28 17:04:17,307 - INFO - Loaded 1 images for personA
2025-04-28 17:04:17,356 - INFO - Loaded 1 images for personB
2025-04-28 17:04:17,405 - INFO - Loaded 1 images for personC
2025-04-28 17:04:17,468 - INFO - Loaded 1 images for personD
2025-04-28 17:04:17,508 - INFO - Loaded 1 images for personE
2025-04-28 17:04:18,225 - INFO - Loaded 1 images for Phan_Thanh_Khanh
2025-04-28 17:04:18,567 - INFO - Loaded 1 images for Ton_Nu_Minh
2025-04-28 17:04:18,889 - INFO - Loaded 1 images for To_Minh_NHat
2025-04-28 17:04:19,238 - INFO - Loaded 1 images for Vu_Thi_Sinh
2025-04-28 17:12:01,870 - INFO - 127.0.0.1 - - [28/Apr/2025 17:12:01] "POST /upload_video HTTP/1.1" 200 -
